# JRE version: OpenJDK Runtime Environment (8.0_212-b04) (build 1.8.0_212-release-1586-b04)
# Java VM: OpenJDK 64-Bit Server VM (25.212-b04 mixed mode windows-amd64 compressed oops)
Heap:
 PSYoungGen      total 245248K, used 77722K [0x00000000e0000000, 0x00000000f5380000, 0x0000000100000000)
  eden space 226304K, 25% used [0x00000000e0000000,0x00000000e396b7e8,0x00000000edd00000)
  from space 18944K, 99% used [0x00000000edd00000,0x00000000eef7b040,0x00000000eef80000)
  to   space 23040K, 0% used [0x00000000f3d00000,0x00000000f3d00000,0x00000000f5380000)
 ParOldGen       total 86528K, used 40078K [0x00000000a0000000, 0x00000000a5480000, 0x00000000e0000000)
  object space 86528K, 46% used [0x00000000a0000000,0x00000000a2723910,0x00000000a5480000)
 Metaspace       used 63670K, capacity 66040K, committed 66176K, reserved 1105920K
  class space    used 8670K, capacity 9241K, committed 9344K, reserved 1048576K
GC Heap History (10 events):
Event: 10.077 GC heap before
{Heap before GC invocations=12 (full 2):
 PSYoungGen      total 181248K, used 10794K [0x00000000e0000000, 0x00000000ec580000, 0x0000000100000000)
  eden space 168960K, 0% used [0x00000000e0000000,0x00000000e0000000,0x00000000ea500000)
  from space 12288K, 87% used [0x00000000eb200000,0x00000000ebc8abd0,0x00000000ebe00000)
  to   space 13312K, 0% used [0x00000000ea500000,0x00000000ea500000,0x00000000eb200000)
 ParOldGen       total 32768K, used 10787K [0x00000000a0000000, 0x00000000a2000000, 0x00000000e0000000)
  object space 32768K, 32% used [0x00000000a0000000,0x00000000a0a88da8,0x00000000a2000000)
 Metaspace       used 34677K, capacity 35438K, committed 35456K, reserved 1079296K
  class space    used 4759K, capacity 4990K, committed 4992K, reserved 1048576K
Event: 10.250 GC heap after
Heap after GC invocations=12 (full 2):
 PSYoungGen      total 181248K, used 0K [0x00000000e0000000, 0x00000000ec580000, 0x0000000100000000)
  eden space 168960K, 0% used [0x00000000e0000000,0x00000000e0000000,0x00000000ea500000)
  from space 12288K, 0% used [0x00000000eb200000,0x00000000eb200000,0x00000000ebe00000)
  to   space 13312K, 0% used [0x00000000ea500000,0x00000000ea500000,0x00000000eb200000)
 ParOldGen       total 52736K, used 17732K [0x00000000a0000000, 0x00000000a3380000, 0x00000000e0000000)
  object space 52736K, 33% used [0x00000000a0000000,0x00000000a1151028,0x00000000a3380000)
 Metaspace       used 34675K, capacity 35432K, committed 35456K, reserved 1079296K
  class space    used 4759K, capacity 4989K, committed 4992K, reserved 1048576K
}
Event: 15.395 GC heap before
{Heap before GC invocations=13 (full 2):
 PSYoungGen      total 181248K, used 168960K [0x00000000e0000000, 0x00000000ec580000, 0x0000000100000000)
  eden space 168960K, 100% used [0x00000000e0000000,0x00000000ea500000,0x00000000ea500000)
  from space 12288K, 0% used [0x00000000eb200000,0x00000000eb200000,0x00000000ebe00000)
  to   space 13312K, 0% used [0x00000000ea500000,0x00000000ea500000,0x00000000eb200000)
 ParOldGen       total 52736K, used 17732K [0x00000000a0000000, 0x00000000a3380000, 0x00000000e0000000)
  object space 52736K, 33% used [0x00000000a0000000,0x00000000a1151028,0x00000000a3380000)
 Metaspace       used 49792K, capacity 51272K, committed 51456K, reserved 1093632K
  class space    used 6703K, capacity 7081K, committed 7168K, reserved 1048576K
Event: 15.639 GC heap after
Heap after GC invocations=13 (full 2):
 PSYoungGen      total 182272K, used 13290K [0x00000000e0000000, 0x00000000f0100000, 0x0000000100000000)
  eden space 168960K, 0% used [0x00000000e0000000,0x00000000e0000000,0x00000000ea500000)
  from space 13312K, 99% used [0x00000000ea500000,0x00000000eb1fab28,0x00000000eb200000)
  to   space 17920K, 0% used [0x00000000eef80000,0x00000000eef80000,0x00000000f0100000)
 ParOldGen       total 52736K, used 25079K [0x00000000a0000000, 0x00000000a3380000, 0x00000000e0000000)
  object space 52736K, 47% used [0x00000000a0000000,0x00000000a187de40,0x00000000a3380000)
 Metaspace       used 49792K, capacity 51272K, committed 51456K, reserved 1093632K
  class space    used 6703K, capacity 7081K, committed 7168K, reserved 1048576K
}
Event: 19.493 GC heap before
{Heap before GC invocations=14 (full 2):
 PSYoungGen      total 182272K, used 133491K [0x00000000e0000000, 0x00000000f0100000, 0x0000000100000000)
  eden space 168960K, 71% used [0x00000000e0000000,0x00000000e7562278,0x00000000ea500000)
  from space 13312K, 99% used [0x00000000ea500000,0x00000000eb1fab28,0x00000000eb200000)
  to   space 17920K, 0% used [0x00000000eef80000,0x00000000eef80000,0x00000000f0100000)
 ParOldGen       total 52736K, used 25079K [0x00000000a0000000, 0x00000000a3380000, 0x00000000e0000000)
  object space 52736K, 47% used [0x00000000a0000000,0x00000000a187de40,0x00000000a3380000)
 Metaspace       used 57141K, capacity 58946K, committed 59096K, reserved 1099776K
  class space    used 7864K, capacity 8338K, committed 8448K, reserved 1048576K
Event: 19.737 GC heap after
Heap after GC invocations=14 (full 2):
 PSYoungGen      total 244224K, used 12928K [0x00000000e0000000, 0x00000000f0680000, 0x0000000100000000)
  eden space 226304K, 0% used [0x00000000e0000000,0x00000000e0000000,0x00000000edd00000)
  from space 17920K, 72% used [0x00000000eef80000,0x00000000efc20370,0x00000000f0100000)
  to   space 18944K, 0% used [0x00000000edd00000,0x00000000edd00000,0x00000000eef80000)
 ParOldGen       total 52736K, used 35914K [0x00000000a0000000, 0x00000000a3380000, 0x00000000e0000000)
  object space 52736K, 68% used [0x00000000a0000000,0x00000000a2312930,0x00000000a3380000)
 Metaspace       used 57141K, capacity 58946K, committed 59096K, reserved 1099776K
  class space    used 7864K, capacity 8338K, committed 8448K, reserved 1048576K
}
Event: 19.737 GC heap before
{Heap before GC invocations=15 (full 3):
 PSYoungGen      total 244224K, used 12928K [0x00000000e0000000, 0x00000000f0680000, 0x0000000100000000)
  eden space 226304K, 0% used [0x00000000e0000000,0x00000000e0000000,0x00000000edd00000)
  from space 17920K, 72% used [0x00000000eef80000,0x00000000efc20370,0x00000000f0100000)
  to   space 18944K, 0% used [0x00000000edd00000,0x00000000edd00000,0x00000000eef80000)
 ParOldGen       total 52736K, used 35914K [0x00000000a0000000, 0x00000000a3380000, 0x00000000e0000000)
  object space 52736K, 68% used [0x00000000a0000000,0x00000000a2312930,0x00000000a3380000)
 Metaspace       used 57141K, capacity 58946K, committed 59096K, reserved 1099776K
  class space    used 7864K, capacity 8338K, committed 8448K, reserved 1048576K
Event: 20.214 GC heap after
Heap after GC invocations=15 (full 3):
 PSYoungGen      total 244224K, used 0K [0x00000000e0000000, 0x00000000f0680000, 0x0000000100000000)
  eden space 226304K, 0% used [0x00000000e0000000,0x00000000e0000000,0x00000000edd00000)
  from space 17920K, 0% used [0x00000000eef80000,0x00000000eef80000,0x00000000f0100000)
  to   space 18944K, 0% used [0x00000000edd00000,0x00000000edd00000,0x00000000eef80000)
 ParOldGen       total 86528K, used 37850K [0x00000000a0000000, 0x00000000a5480000, 0x00000000e0000000)
  object space 86528K, 43% used [0x00000000a0000000,0x00000000a24f69c8,0x00000000a5480000)
 Metaspace       used 57141K, capacity 58946K, committed 59096K, reserved 1099776K
  class space    used 7864K, capacity 8338K, committed 8448K, reserved 1048576K
}
Event: 32.936 GC heap before
{Heap before GC invocations=16 (full 3):
 PSYoungGen      total 244224K, used 226304K [0x00000000e0000000, 0x00000000f0680000, 0x0000000100000000)
  eden space 226304K, 100% used [0x00000000e0000000,0x00000000edd00000,0x00000000edd00000)
  from space 17920K, 0% used [0x00000000eef80000,0x00000000eef80000,0x00000000f0100000)
  to   space 18944K, 0% used [0x00000000edd00000,0x00000000edd00000,0x00000000eef80000)
 ParOldGen       total 86528K, used 37850K [0x00000000a0000000, 0x00000000a5480000, 0x00000000e0000000)
  object space 86528K, 43% used [0x00000000a0000000,0x00000000a24f69c8,0x00000000a5480000)
 Metaspace       used 63306K, capacity 65684K, committed 65792K, reserved 1105920K
  class space    used 8623K, capacity 9167K, committed 9216K, reserved 1048576K
Event: 33.478 GC heap after
Heap after GC invocations=16 (full 3):
 PSYoungGen      total 245248K, used 18924K [0x00000000e0000000, 0x00000000f5380000, 0x0000000100000000)
  eden space 226304K, 0% used [0x00000000e0000000,0x00000000e0000000,0x00000000edd00000)
  from space 18944K, 99% used [0x00000000edd00000,0x00000000eef7b040,0x00000000eef80000)
  to   space 23040K, 0% used [0x00000000f3d00000,0x00000000f3d00000,0x00000000f5380000)
 ParOldGen       total 86528K, used 40078K [0x00000000a0000000, 0x00000000a5480000, 0x00000000e0000000)
  object space 86528K, 46% used [0x00000000a0000000,0x00000000a2723910,0x00000000a5480000)
 Metaspace       used 63306K, capacity 65684K, committed 65792K, reserved 1105920K
  class space    used 8623K, capacity 9167K, committed 9216K, reserved 1048576K
}

