# JRE version: OpenJDK Runtime Environment (8.0_212-b04) (build 1.8.0_212-release-1586-b04)
# Java VM: OpenJDK 64-Bit Server VM (25.212-b04 mixed mode windows-amd64 compressed oops)
Heap:
 PSYoungGen      total 291840K, used 120492K [0x00000000e0000000, 0x00000000f7300000, 0x0000000100000000)
  eden space 268800K, 36% used [0x00000000e0000000,0x00000000e5f31fa8,0x00000000f0680000)
  from space 23040K, 99% used [0x00000000f0680000,0x00000000f1cf9430,0x00000000f1d00000)
  to   space 31232K, 0% used [0x00000000f5480000,0x00000000f5480000,0x00000000f7300000)
 ParOldGen       total 90112K, used 64688K [0x00000000a0000000, 0x00000000a5800000, 0x00000000e0000000)
  object space 90112K, 71% used [0x00000000a0000000,0x00000000a3f2c3a8,0x00000000a5800000)
 Metaspace       used 78704K, capacity 82073K, committed 82432K, reserved 1120256K
  class space    used 10417K, capacity 11140K, committed 11264K, reserved 1048576K
GC Heap History (10 events):
Event: 21.278 GC heap before
{Heap before GC invocations=14 (full 2):
 PSYoungGen      total 187904K, used 152439K [0x00000000e0000000, 0x00000000eff00000, 0x0000000100000000)
  eden space 174080K, 79% used [0x00000000e0000000,0x00000000e875f100,0x00000000eaa00000)
  from space 13824K, 99% used [0x00000000eaa00000,0x00000000eb77ebe0,0x00000000eb780000)
  to   space 18432K, 0% used [0x00000000eed00000,0x00000000eed00000,0x00000000eff00000)
 ParOldGen       total 53760K, used 25399K [0x00000000a0000000, 0x00000000a3480000, 0x00000000e0000000)
  object space 53760K, 47% used [0x00000000a0000000,0x00000000a18cdeb0,0x00000000a3480000)
 Metaspace       used 57020K, capacity 59039K, committed 59136K, reserved 1099776K
  class space    used 7916K, capacity 8388K, committed 8448K, reserved 1048576K
Event: 21.350 GC heap after
Heap after GC invocations=14 (full 2):
 PSYoungGen      total 242176K, used 12452K [0x00000000e0000000, 0x00000000eff80000, 0x0000000100000000)
  eden space 223744K, 0% used [0x00000000e0000000,0x00000000e0000000,0x00000000eda80000)
  from space 18432K, 67% used [0x00000000eed00000,0x00000000ef929278,0x00000000eff00000)
  to   space 18944K, 0% used [0x00000000eda80000,0x00000000eda80000,0x00000000eed00000)
 ParOldGen       total 53760K, used 36343K [0x00000000a0000000, 0x00000000a3480000, 0x00000000e0000000)
  object space 53760K, 67% used [0x00000000a0000000,0x00000000a237dc20,0x00000000a3480000)
 Metaspace       used 57020K, capacity 59039K, committed 59136K, reserved 1099776K
  class space    used 7916K, capacity 8388K, committed 8448K, reserved 1048576K
}
Event: 21.350 GC heap before
{Heap before GC invocations=15 (full 3):
 PSYoungGen      total 242176K, used 12452K [0x00000000e0000000, 0x00000000eff80000, 0x0000000100000000)
  eden space 223744K, 0% used [0x00000000e0000000,0x00000000e0000000,0x00000000eda80000)
  from space 18432K, 67% used [0x00000000eed00000,0x00000000ef929278,0x00000000eff00000)
  to   space 18944K, 0% used [0x00000000eda80000,0x00000000eda80000,0x00000000eed00000)
 ParOldGen       total 53760K, used 36343K [0x00000000a0000000, 0x00000000a3480000, 0x00000000e0000000)
  object space 53760K, 67% used [0x00000000a0000000,0x00000000a237dc20,0x00000000a3480000)
 Metaspace       used 57020K, capacity 59039K, committed 59136K, reserved 1099776K
  class space    used 7916K, capacity 8388K, committed 8448K, reserved 1048576K
Event: 21.801 GC heap after
Heap after GC invocations=15 (full 3):
 PSYoungGen      total 242176K, used 0K [0x00000000e0000000, 0x00000000eff80000, 0x0000000100000000)
  eden space 223744K, 0% used [0x00000000e0000000,0x00000000e0000000,0x00000000eda80000)
  from space 18432K, 0% used [0x00000000eed00000,0x00000000eed00000,0x00000000eff00000)
  to   space 18944K, 0% used [0x00000000eda80000,0x00000000eda80000,0x00000000eed00000)
 ParOldGen       total 90112K, used 38355K [0x00000000a0000000, 0x00000000a5800000, 0x00000000e0000000)
  object space 90112K, 42% used [0x00000000a0000000,0x00000000a2574c40,0x00000000a5800000)
 Metaspace       used 57014K, capacity 59021K, committed 59136K, reserved 1099776K
  class space    used 7915K, capacity 8385K, committed 8448K, reserved 1048576K
}
Event: 28.090 GC heap before
{Heap before GC invocations=16 (full 3):
 PSYoungGen      total 242176K, used 223744K [0x00000000e0000000, 0x00000000eff80000, 0x0000000100000000)
  eden space 223744K, 100% used [0x00000000e0000000,0x00000000eda80000,0x00000000eda80000)
  from space 18432K, 0% used [0x00000000eed00000,0x00000000eed00000,0x00000000eff00000)
  to   space 18944K, 0% used [0x00000000eda80000,0x00000000eda80000,0x00000000eed00000)
 ParOldGen       total 90112K, used 38355K [0x00000000a0000000, 0x00000000a5800000, 0x00000000e0000000)
  object space 90112K, 42% used [0x00000000a0000000,0x00000000a2574c40,0x00000000a5800000)
 Metaspace       used 66864K, capacity 69525K, committed 69760K, reserved 1110016K
  class space    used 9214K, capacity 9797K, committed 9856K, reserved 1048576K
Event: 28.141 GC heap after
Heap after GC invocations=16 (full 3):
 PSYoungGen      total 242688K, used 18918K [0x00000000e0000000, 0x00000000f3280000, 0x0000000100000000)
  eden space 223744K, 0% used [0x00000000e0000000,0x00000000e0000000,0x00000000eda80000)
  from space 18944K, 99% used [0x00000000eda80000,0x00000000eecf9b30,0x00000000eed00000)
  to   space 22016K, 0% used [0x00000000f1d00000,0x00000000f1d00000,0x00000000f3280000)
 ParOldGen       total 90112K, used 38760K [0x00000000a0000000, 0x00000000a5800000, 0x00000000e0000000)
  object space 90112K, 43% used [0x00000000a0000000,0x00000000a25da1c8,0x00000000a5800000)
 Metaspace       used 66864K, capacity 69525K, committed 69760K, reserved 1110016K
  class space    used 9214K, capacity 9797K, committed 9856K, reserved 1048576K
}
Event: 31.479 GC heap before
{Heap before GC invocations=17 (full 3):
 PSYoungGen      total 242688K, used 242662K [0x00000000e0000000, 0x00000000f3280000, 0x0000000100000000)
  eden space 223744K, 100% used [0x00000000e0000000,0x00000000eda80000,0x00000000eda80000)
  from space 18944K, 99% used [0x00000000eda80000,0x00000000eecf9b30,0x00000000eed00000)
  to   space 22016K, 0% used [0x00000000f1d00000,0x00000000f1d00000,0x00000000f3280000)
 ParOldGen       total 90112K, used 38760K [0x00000000a0000000, 0x00000000a5800000, 0x00000000e0000000)
  object space 90112K, 43% used [0x00000000a0000000,0x00000000a25da1c8,0x00000000a5800000)
 Metaspace       used 68837K, capacity 71517K, committed 71680K, reserved 1112064K
  class space    used 9359K, capacity 9949K, committed 9984K, reserved 1048576K
Event: 31.554 GC heap after
Heap after GC invocations=17 (full 3):
 PSYoungGen      total 290816K, used 14333K [0x00000000e0000000, 0x00000000f3680000, 0x0000000100000000)
  eden space 268800K, 0% used [0x00000000e0000000,0x00000000e0000000,0x00000000f0680000)
  from space 22016K, 65% used [0x00000000f1d00000,0x00000000f2aff520,0x00000000f3280000)
  to   space 23040K, 0% used [0x00000000f0680000,0x00000000f0680000,0x00000000f1d00000)
 ParOldGen       total 90112K, used 51736K [0x00000000a0000000, 0x00000000a5800000, 0x00000000e0000000)
  object space 90112K, 57% used [0x00000000a0000000,0x00000000a32861c8,0x00000000a5800000)
 Metaspace       used 68837K, capacity 71517K, committed 71680K, reserved 1112064K
  class space    used 9359K, capacity 9949K, committed 9984K, reserved 1048576K
}
Event: 79.198 GC heap before
{Heap before GC invocations=18 (full 3):
 PSYoungGen      total 290816K, used 283133K [0x00000000e0000000, 0x00000000f3680000, 0x0000000100000000)
  eden space 268800K, 100% used [0x00000000e0000000,0x00000000f0680000,0x00000000f0680000)
  from space 22016K, 65% used [0x00000000f1d00000,0x00000000f2aff520,0x00000000f3280000)
  to   space 23040K, 0% used [0x00000000f0680000,0x00000000f0680000,0x00000000f1d00000)
 ParOldGen       total 90112K, used 51736K [0x00000000a0000000, 0x00000000a5800000, 0x00000000e0000000)
  object space 90112K, 57% used [0x00000000a0000000,0x00000000a32861c8,0x00000000a5800000)
 Metaspace       used 75327K, capacity 78657K, committed 78976K, reserved 1118208K
  class space    used 9996K, capacity 10758K, committed 10880K, reserved 1048576K
Event: 79.318 GC heap after
Heap after GC invocations=18 (full 3):
 PSYoungGen      total 291840K, used 23013K [0x00000000e0000000, 0x00000000f7300000, 0x0000000100000000)
  eden space 268800K, 0% used [0x00000000e0000000,0x00000000e0000000,0x00000000f0680000)
  from space 23040K, 99% used [0x00000000f0680000,0x00000000f1cf9430,0x00000000f1d00000)
  to   space 31232K, 0% used [0x00000000f5480000,0x00000000f5480000,0x00000000f7300000)
 ParOldGen       total 90112K, used 64688K [0x00000000a0000000, 0x00000000a5800000, 0x00000000e0000000)
  object space 90112K, 71% used [0x00000000a0000000,0x00000000a3f2c3a8,0x00000000a5800000)
 Metaspace       used 75327K, capacity 78657K, committed 78976K, reserved 1118208K
  class space    used 9996K, capacity 10758K, committed 10880K, reserved 1048576K
}

